<?xml version="1.0" encoding="UTF-8"?>
<testng-results ignored="0" total="1" passed="1" failed="0" skipped="0">
  <reporter-output>
  </reporter-output>
  <suite started-at="2025-02-08T09:28:57 IST" name="SauceDemoSuite" finished-at="2025-02-08T09:29:35 IST" duration-ms="37342">
    <groups>
    </groups>
    <test started-at="2025-02-08T09:28:57 IST" name="Login test for Invalid User" finished-at="2025-02-08T09:29:35 IST" duration-ms="37342">
      <class name="com.saucedemo.test.WindowHandleTest">
        <test-method is-config="true" signature="setup(java.lang.String,java.lang.String,org.testng.ITestContext)[pri:0, instance:com.saucedemo.test.WindowHandleTest@25748410]" started-at="2025-02-08T09:28:58 IST" name="setup" finished-at="2025-02-08T09:29:07 IST" duration-ms="9854" status="PASS">
          <params>
            <param index="0">
              <value>
                <![CDATA[standard_user]]>
              </value>
            </param>
            <param index="1">
              <value>
                <![CDATA[secret_sauce]]>
              </value>
            </param>
            <param index="2">
              <value>
                <![CDATA[org.testng.TestRunner@6a87026]]>
              </value>
            </param>
          </params>
          <reporter-output>
          </reporter-output>
        </test-method> <!-- setup -->
        <test-method signature="testTwitterWindowHandle()[pri:0, instance:com.saucedemo.test.WindowHandleTest@25748410]" started-at="2025-02-08T09:29:07 IST" name="testTwitterWindowHandle" finished-at="2025-02-08T09:29:29 IST" duration-ms="21556" status="PASS">
          <reporter-output>
          </reporter-output>
        </test-method> <!-- testTwitterWindowHandle -->
        <test-method is-config="true" signature="tearDown(org.testng.ITestResult)[pri:0, instance:com.saucedemo.test.WindowHandleTest@25748410]" started-at="2025-02-08T09:29:29 IST" name="tearDown" finished-at="2025-02-08T09:29:35 IST" duration-ms="5847" status="PASS">
          <params>
            <param index="0">
              <value>
                <![CDATA[[TestResult name=testTwitterWindowHandle status=SUCCESS method=WindowHandleTest.testTwitterWindowHandle()[pri:0, instance:com.saucedemo.test.WindowHandleTest@25748410] output={null}]]]>
              </value>
            </param>
          </params>
          <reporter-output>
          </reporter-output>
        </test-method> <!-- tearDown -->
      </class> <!-- com.saucedemo.test.WindowHandleTest -->
    </test> <!-- Login test for Invalid User -->
  </suite> <!-- SauceDemoSuite -->
</testng-results>
